CRITICAL - 2022-03-07 06:57:06 --> Trying to access array offset on value of type null
#0 C:\Users\User\Desktop\CI4Tutor\05_Model_Part2\app\Views\komik\detail.php(12): CodeIgniter\Debug\Exceptions->errorHandler(2, 'Trying to acces...', 'C:\\Users\\User\\D...', 12)
#1 C:\Users\User\Desktop\CI4Tutor\05_Model_Part2\system\View\View.php(210): include('C:\\Users\\User\\D...')
#2 C:\Users\User\Desktop\CI4Tutor\05_Model_Part2\system\View\View.php(213): CodeIgniter\View\View->CodeIgniter\View\{closure}()
#3 C:\Users\User\Desktop\CI4Tutor\05_Model_Part2\system\Common.php(1089): CodeIgniter\View\View->render('komik/detail', Array, true)
#4 C:\Users\User\Desktop\CI4Tutor\05_Model_Part2\app\Controllers\Komik.php(39): view('komik/detail', Array)
#5 C:\Users\User\Desktop\CI4Tutor\05_Model_Part2\system\CodeIgniter.php(832): App\Controllers\Komik->detail('create')
#6 C:\Users\User\Desktop\CI4Tutor\05_Model_Part2\system\CodeIgniter.php(419): CodeIgniter\CodeIgniter->runController(Object(App\Controllers\Komik))
#7 C:\Users\User\Desktop\CI4Tutor\05_Model_Part2\system\CodeIgniter.php(326): CodeIgniter\CodeIgniter->handleRequest(NULL, Object(Config\Cache), false)
#8 C:\Users\User\Desktop\CI4Tutor\05_Model_Part2\public\index.php(37): CodeIgniter\CodeIgniter->run()
#9 C:\Users\User\Desktop\CI4Tutor\05_Model_Part2\system\Commands\Server\rewrite.php(43): require_once('C:\\Users\\User\\D...')
#10 {main}
CRITICAL - 2022-03-07 06:57:38 --> Trying to access array offset on value of type null
#0 C:\Users\User\Desktop\CI4Tutor\05_Model_Part2\app\Views\komik\detail.php(12): CodeIgniter\Debug\Exceptions->errorHandler(2, 'Trying to acces...', 'C:\\Users\\User\\D...', 12)
#1 C:\Users\User\Desktop\CI4Tutor\05_Model_Part2\system\View\View.php(210): include('C:\\Users\\User\\D...')
#2 C:\Users\User\Desktop\CI4Tutor\05_Model_Part2\system\View\View.php(213): CodeIgniter\View\View->CodeIgniter\View\{closure}()
#3 C:\Users\User\Desktop\CI4Tutor\05_Model_Part2\system\Common.php(1089): CodeIgniter\View\View->render('komik/detail', Array, true)
#4 C:\Users\User\Desktop\CI4Tutor\05_Model_Part2\app\Controllers\Komik.php(39): view('komik/detail', Array)
#5 C:\Users\User\Desktop\CI4Tutor\05_Model_Part2\system\CodeIgniter.php(832): App\Controllers\Komik->detail('create')
#6 C:\Users\User\Desktop\CI4Tutor\05_Model_Part2\system\CodeIgniter.php(419): CodeIgniter\CodeIgniter->runController(Object(App\Controllers\Komik))
#7 C:\Users\User\Desktop\CI4Tutor\05_Model_Part2\system\CodeIgniter.php(326): CodeIgniter\CodeIgniter->handleRequest(NULL, Object(Config\Cache), false)
#8 C:\Users\User\Desktop\CI4Tutor\05_Model_Part2\public\index.php(37): CodeIgniter\CodeIgniter->run()
#9 C:\Users\User\Desktop\CI4Tutor\05_Model_Part2\system\Commands\Server\rewrite.php(43): require_once('C:\\Users\\User\\D...')
#10 {main}
CRITICAL - 2022-03-07 07:00:19 --> Trying to access array offset on value of type null
#0 C:\Users\User\Desktop\CI4Tutor\05_Model_Part2\app\Views\komik\detail.php(12): CodeIgniter\Debug\Exceptions->errorHandler(2, 'Trying to acces...', 'C:\\Users\\User\\D...', 12)
#1 C:\Users\User\Desktop\CI4Tutor\05_Model_Part2\system\View\View.php(210): include('C:\\Users\\User\\D...')
#2 C:\Users\User\Desktop\CI4Tutor\05_Model_Part2\system\View\View.php(213): CodeIgniter\View\View->CodeIgniter\View\{closure}()
#3 C:\Users\User\Desktop\CI4Tutor\05_Model_Part2\system\Common.php(1089): CodeIgniter\View\View->render('komik/detail', Array, true)
#4 C:\Users\User\Desktop\CI4Tutor\05_Model_Part2\app\Controllers\Komik.php(39): view('komik/detail', Array)
#5 C:\Users\User\Desktop\CI4Tutor\05_Model_Part2\system\CodeIgniter.php(832): App\Controllers\Komik->detail('create')
#6 C:\Users\User\Desktop\CI4Tutor\05_Model_Part2\system\CodeIgniter.php(419): CodeIgniter\CodeIgniter->runController(Object(App\Controllers\Komik))
#7 C:\Users\User\Desktop\CI4Tutor\05_Model_Part2\system\CodeIgniter.php(326): CodeIgniter\CodeIgniter->handleRequest(NULL, Object(Config\Cache), false)
#8 C:\Users\User\Desktop\CI4Tutor\05_Model_Part2\public\index.php(37): CodeIgniter\CodeIgniter->run()
#9 C:\Users\User\Desktop\CI4Tutor\05_Model_Part2\system\Commands\Server\rewrite.php(43): require_once('C:\\Users\\User\\D...')
#10 {main}
CRITICAL - 2022-03-07 07:00:21 --> Trying to access array offset on value of type null
#0 C:\Users\User\Desktop\CI4Tutor\05_Model_Part2\app\Views\komik\detail.php(12): CodeIgniter\Debug\Exceptions->errorHandler(2, 'Trying to acces...', 'C:\\Users\\User\\D...', 12)
#1 C:\Users\User\Desktop\CI4Tutor\05_Model_Part2\system\View\View.php(210): include('C:\\Users\\User\\D...')
#2 C:\Users\User\Desktop\CI4Tutor\05_Model_Part2\system\View\View.php(213): CodeIgniter\View\View->CodeIgniter\View\{closure}()
#3 C:\Users\User\Desktop\CI4Tutor\05_Model_Part2\system\Common.php(1089): CodeIgniter\View\View->render('komik/detail', Array, true)
#4 C:\Users\User\Desktop\CI4Tutor\05_Model_Part2\app\Controllers\Komik.php(39): view('komik/detail', Array)
#5 C:\Users\User\Desktop\CI4Tutor\05_Model_Part2\system\CodeIgniter.php(832): App\Controllers\Komik->detail('create')
#6 C:\Users\User\Desktop\CI4Tutor\05_Model_Part2\system\CodeIgniter.php(419): CodeIgniter\CodeIgniter->runController(Object(App\Controllers\Komik))
#7 C:\Users\User\Desktop\CI4Tutor\05_Model_Part2\system\CodeIgniter.php(326): CodeIgniter\CodeIgniter->handleRequest(NULL, Object(Config\Cache), false)
#8 C:\Users\User\Desktop\CI4Tutor\05_Model_Part2\public\index.php(37): CodeIgniter\CodeIgniter->run()
#9 C:\Users\User\Desktop\CI4Tutor\05_Model_Part2\system\Commands\Server\rewrite.php(43): require_once('C:\\Users\\User\\D...')
#10 {main}
CRITICAL - 2022-03-07 07:00:51 --> Trying to access array offset on value of type null
#0 C:\Users\User\Desktop\CI4Tutor\05_Model_Part2\app\Views\komik\detail.php(12): CodeIgniter\Debug\Exceptions->errorHandler(2, 'Trying to acces...', 'C:\\Users\\User\\D...', 12)
#1 C:\Users\User\Desktop\CI4Tutor\05_Model_Part2\system\View\View.php(210): include('C:\\Users\\User\\D...')
#2 C:\Users\User\Desktop\CI4Tutor\05_Model_Part2\system\View\View.php(213): CodeIgniter\View\View->CodeIgniter\View\{closure}()
#3 C:\Users\User\Desktop\CI4Tutor\05_Model_Part2\system\Common.php(1089): CodeIgniter\View\View->render('komik/detail', Array, true)
#4 C:\Users\User\Desktop\CI4Tutor\05_Model_Part2\app\Controllers\Komik.php(39): view('komik/detail', Array)
#5 C:\Users\User\Desktop\CI4Tutor\05_Model_Part2\system\CodeIgniter.php(832): App\Controllers\Komik->detail('create')
#6 C:\Users\User\Desktop\CI4Tutor\05_Model_Part2\system\CodeIgniter.php(419): CodeIgniter\CodeIgniter->runController(Object(App\Controllers\Komik))
#7 C:\Users\User\Desktop\CI4Tutor\05_Model_Part2\system\CodeIgniter.php(326): CodeIgniter\CodeIgniter->handleRequest(NULL, Object(Config\Cache), false)
#8 C:\Users\User\Desktop\CI4Tutor\05_Model_Part2\public\index.php(37): CodeIgniter\CodeIgniter->run()
#9 C:\Users\User\Desktop\CI4Tutor\05_Model_Part2\system\Commands\Server\rewrite.php(43): require_once('C:\\Users\\User\\D...')
#10 {main}
CRITICAL - 2022-03-07 07:03:00 --> Trying to access array offset on value of type null
#0 C:\Users\User\Desktop\CI4Tutor\05_Model_Part2\app\Views\komik\detail.php(12): CodeIgniter\Debug\Exceptions->errorHandler(2, 'Trying to acces...', 'C:\\Users\\User\\D...', 12)
#1 C:\Users\User\Desktop\CI4Tutor\05_Model_Part2\system\View\View.php(210): include('C:\\Users\\User\\D...')
#2 C:\Users\User\Desktop\CI4Tutor\05_Model_Part2\system\View\View.php(213): CodeIgniter\View\View->CodeIgniter\View\{closure}()
#3 C:\Users\User\Desktop\CI4Tutor\05_Model_Part2\system\Common.php(1089): CodeIgniter\View\View->render('komik/detail', Array, true)
#4 C:\Users\User\Desktop\CI4Tutor\05_Model_Part2\app\Controllers\Komik.php(39): view('komik/detail', Array)
#5 C:\Users\User\Desktop\CI4Tutor\05_Model_Part2\system\CodeIgniter.php(832): App\Controllers\Komik->detail('create')
#6 C:\Users\User\Desktop\CI4Tutor\05_Model_Part2\system\CodeIgniter.php(419): CodeIgniter\CodeIgniter->runController(Object(App\Controllers\Komik))
#7 C:\Users\User\Desktop\CI4Tutor\05_Model_Part2\system\CodeIgniter.php(326): CodeIgniter\CodeIgniter->handleRequest(NULL, Object(Config\Cache), false)
#8 C:\Users\User\Desktop\CI4Tutor\05_Model_Part2\public\index.php(37): CodeIgniter\CodeIgniter->run()
#9 C:\Users\User\Desktop\CI4Tutor\05_Model_Part2\system\Commands\Server\rewrite.php(43): require_once('C:\\Users\\User\\D...')
#10 {main}
CRITICAL - 2022-03-07 07:04:40 --> Trying to access array offset on value of type null
#0 C:\Users\User\Desktop\CI4Tutor\05_Model_Part2\app\Views\komik\detail.php(12): CodeIgniter\Debug\Exceptions->errorHandler(2, 'Trying to acces...', 'C:\\Users\\User\\D...', 12)
#1 C:\Users\User\Desktop\CI4Tutor\05_Model_Part2\system\View\View.php(210): include('C:\\Users\\User\\D...')
#2 C:\Users\User\Desktop\CI4Tutor\05_Model_Part2\system\View\View.php(213): CodeIgniter\View\View->CodeIgniter\View\{closure}()
#3 C:\Users\User\Desktop\CI4Tutor\05_Model_Part2\system\Common.php(1089): CodeIgniter\View\View->render('komik/detail', Array, true)
#4 C:\Users\User\Desktop\CI4Tutor\05_Model_Part2\app\Controllers\Komik.php(39): view('komik/detail', Array)
#5 C:\Users\User\Desktop\CI4Tutor\05_Model_Part2\system\CodeIgniter.php(832): App\Controllers\Komik->detail('create')
#6 C:\Users\User\Desktop\CI4Tutor\05_Model_Part2\system\CodeIgniter.php(419): CodeIgniter\CodeIgniter->runController(Object(App\Controllers\Komik))
#7 C:\Users\User\Desktop\CI4Tutor\05_Model_Part2\system\CodeIgniter.php(326): CodeIgniter\CodeIgniter->handleRequest(NULL, Object(Config\Cache), false)
#8 C:\Users\User\Desktop\CI4Tutor\05_Model_Part2\public\index.php(37): CodeIgniter\CodeIgniter->run()
#9 C:\Users\User\Desktop\CI4Tutor\05_Model_Part2\system\Commands\Server\rewrite.php(43): require_once('C:\\Users\\User\\D...')
#10 {main}
CRITICAL - 2022-03-07 07:05:53 --> Trying to access array offset on value of type null
#0 C:\Users\User\Desktop\CI4Tutor\05_Model_Part2\app\Views\komik\detail.php(12): CodeIgniter\Debug\Exceptions->errorHandler(2, 'Trying to acces...', 'C:\\Users\\User\\D...', 12)
#1 C:\Users\User\Desktop\CI4Tutor\05_Model_Part2\system\View\View.php(210): include('C:\\Users\\User\\D...')
#2 C:\Users\User\Desktop\CI4Tutor\05_Model_Part2\system\View\View.php(213): CodeIgniter\View\View->CodeIgniter\View\{closure}()
#3 C:\Users\User\Desktop\CI4Tutor\05_Model_Part2\system\Common.php(1089): CodeIgniter\View\View->render('komik/detail', Array, true)
#4 C:\Users\User\Desktop\CI4Tutor\05_Model_Part2\app\Controllers\Komik.php(39): view('komik/detail', Array)
#5 C:\Users\User\Desktop\CI4Tutor\05_Model_Part2\system\CodeIgniter.php(832): App\Controllers\Komik->detail('create')
#6 C:\Users\User\Desktop\CI4Tutor\05_Model_Part2\system\CodeIgniter.php(419): CodeIgniter\CodeIgniter->runController(Object(App\Controllers\Komik))
#7 C:\Users\User\Desktop\CI4Tutor\05_Model_Part2\system\CodeIgniter.php(326): CodeIgniter\CodeIgniter->handleRequest(NULL, Object(Config\Cache), false)
#8 C:\Users\User\Desktop\CI4Tutor\05_Model_Part2\public\index.php(37): CodeIgniter\CodeIgniter->run()
#9 C:\Users\User\Desktop\CI4Tutor\05_Model_Part2\system\Commands\Server\rewrite.php(43): require_once('C:\\Users\\User\\D...')
#10 {main}
CRITICAL - 2022-03-07 07:05:56 --> Trying to access array offset on value of type null
#0 C:\Users\User\Desktop\CI4Tutor\05_Model_Part2\app\Views\komik\detail.php(12): CodeIgniter\Debug\Exceptions->errorHandler(2, 'Trying to acces...', 'C:\\Users\\User\\D...', 12)
#1 C:\Users\User\Desktop\CI4Tutor\05_Model_Part2\system\View\View.php(210): include('C:\\Users\\User\\D...')
#2 C:\Users\User\Desktop\CI4Tutor\05_Model_Part2\system\View\View.php(213): CodeIgniter\View\View->CodeIgniter\View\{closure}()
#3 C:\Users\User\Desktop\CI4Tutor\05_Model_Part2\system\Common.php(1089): CodeIgniter\View\View->render('komik/detail', Array, true)
#4 C:\Users\User\Desktop\CI4Tutor\05_Model_Part2\app\Controllers\Komik.php(39): view('komik/detail', Array)
#5 C:\Users\User\Desktop\CI4Tutor\05_Model_Part2\system\CodeIgniter.php(832): App\Controllers\Komik->detail('create')
#6 C:\Users\User\Desktop\CI4Tutor\05_Model_Part2\system\CodeIgniter.php(419): CodeIgniter\CodeIgniter->runController(Object(App\Controllers\Komik))
#7 C:\Users\User\Desktop\CI4Tutor\05_Model_Part2\system\CodeIgniter.php(326): CodeIgniter\CodeIgniter->handleRequest(NULL, Object(Config\Cache), false)
#8 C:\Users\User\Desktop\CI4Tutor\05_Model_Part2\public\index.php(37): CodeIgniter\CodeIgniter->run()
#9 C:\Users\User\Desktop\CI4Tutor\05_Model_Part2\system\Commands\Server\rewrite.php(43): require_once('C:\\Users\\User\\D...')
#10 {main}
CRITICAL - 2022-03-07 07:06:48 --> Trying to access array offset on value of type null
#0 C:\Users\User\Desktop\CI4Tutor\05_Model_Part2\app\Views\komik\detail.php(12): CodeIgniter\Debug\Exceptions->errorHandler(2, 'Trying to acces...', 'C:\\Users\\User\\D...', 12)
#1 C:\Users\User\Desktop\CI4Tutor\05_Model_Part2\system\View\View.php(210): include('C:\\Users\\User\\D...')
#2 C:\Users\User\Desktop\CI4Tutor\05_Model_Part2\system\View\View.php(213): CodeIgniter\View\View->CodeIgniter\View\{closure}()
#3 C:\Users\User\Desktop\CI4Tutor\05_Model_Part2\system\Common.php(1089): CodeIgniter\View\View->render('komik/detail', Array, true)
#4 C:\Users\User\Desktop\CI4Tutor\05_Model_Part2\app\Controllers\Komik.php(39): view('komik/detail', Array)
#5 C:\Users\User\Desktop\CI4Tutor\05_Model_Part2\system\CodeIgniter.php(832): App\Controllers\Komik->detail('create')
#6 C:\Users\User\Desktop\CI4Tutor\05_Model_Part2\system\CodeIgniter.php(419): CodeIgniter\CodeIgniter->runController(Object(App\Controllers\Komik))
#7 C:\Users\User\Desktop\CI4Tutor\05_Model_Part2\system\CodeIgniter.php(326): CodeIgniter\CodeIgniter->handleRequest(NULL, Object(Config\Cache), false)
#8 C:\Users\User\Desktop\CI4Tutor\05_Model_Part2\public\index.php(37): CodeIgniter\CodeIgniter->run()
#9 C:\Users\User\Desktop\CI4Tutor\05_Model_Part2\system\Commands\Server\rewrite.php(43): require_once('C:\\Users\\User\\D...')
#10 {main}
CRITICAL - 2022-03-07 07:08:25 --> Trying to access array offset on value of type null
#0 C:\Users\User\Desktop\CI4Tutor\05_Model_Part2\app\Views\komik\detail.php(12): CodeIgniter\Debug\Exceptions->errorHandler(2, 'Trying to acces...', 'C:\\Users\\User\\D...', 12)
#1 C:\Users\User\Desktop\CI4Tutor\05_Model_Part2\system\View\View.php(210): include('C:\\Users\\User\\D...')
#2 C:\Users\User\Desktop\CI4Tutor\05_Model_Part2\system\View\View.php(213): CodeIgniter\View\View->CodeIgniter\View\{closure}()
#3 C:\Users\User\Desktop\CI4Tutor\05_Model_Part2\system\Common.php(1089): CodeIgniter\View\View->render('komik/detail', Array, true)
#4 C:\Users\User\Desktop\CI4Tutor\05_Model_Part2\app\Controllers\Komik.php(39): view('komik/detail', Array)
#5 C:\Users\User\Desktop\CI4Tutor\05_Model_Part2\system\CodeIgniter.php(832): App\Controllers\Komik->detail('create')
#6 C:\Users\User\Desktop\CI4Tutor\05_Model_Part2\system\CodeIgniter.php(419): CodeIgniter\CodeIgniter->runController(Object(App\Controllers\Komik))
#7 C:\Users\User\Desktop\CI4Tutor\05_Model_Part2\system\CodeIgniter.php(326): CodeIgniter\CodeIgniter->handleRequest(NULL, Object(Config\Cache), false)
#8 C:\Users\User\Desktop\CI4Tutor\05_Model_Part2\public\index.php(37): CodeIgniter\CodeIgniter->run()
#9 C:\Users\User\Desktop\CI4Tutor\05_Model_Part2\system\Commands\Server\rewrite.php(43): require_once('C:\\Users\\User\\D...')
#10 {main}
CRITICAL - 2022-03-07 07:09:37 --> Trying to access array offset on value of type null
#0 C:\Users\User\Desktop\CI4Tutor\05_Model_Part2\app\Views\komik\detail.php(12): CodeIgniter\Debug\Exceptions->errorHandler(2, 'Trying to acces...', 'C:\\Users\\User\\D...', 12)
#1 C:\Users\User\Desktop\CI4Tutor\05_Model_Part2\system\View\View.php(210): include('C:\\Users\\User\\D...')
#2 C:\Users\User\Desktop\CI4Tutor\05_Model_Part2\system\View\View.php(213): CodeIgniter\View\View->CodeIgniter\View\{closure}()
#3 C:\Users\User\Desktop\CI4Tutor\05_Model_Part2\system\Common.php(1089): CodeIgniter\View\View->render('komik/detail', Array, true)
#4 C:\Users\User\Desktop\CI4Tutor\05_Model_Part2\app\Controllers\Komik.php(39): view('komik/detail', Array)
#5 C:\Users\User\Desktop\CI4Tutor\05_Model_Part2\system\CodeIgniter.php(832): App\Controllers\Komik->detail('create')
#6 C:\Users\User\Desktop\CI4Tutor\05_Model_Part2\system\CodeIgniter.php(419): CodeIgniter\CodeIgniter->runController(Object(App\Controllers\Komik))
#7 C:\Users\User\Desktop\CI4Tutor\05_Model_Part2\system\CodeIgniter.php(326): CodeIgniter\CodeIgniter->handleRequest(NULL, Object(Config\Cache), false)
#8 C:\Users\User\Desktop\CI4Tutor\05_Model_Part2\public\index.php(37): CodeIgniter\CodeIgniter->run()
#9 C:\Users\User\Desktop\CI4Tutor\05_Model_Part2\system\Commands\Server\rewrite.php(43): require_once('C:\\Users\\User\\D...')
#10 {main}
CRITICAL - 2022-03-07 07:10:10 --> Trying to access array offset on value of type null
#0 C:\Users\User\Desktop\CI4Tutor\05_Model_Part2\app\Views\komik\detail.php(12): CodeIgniter\Debug\Exceptions->errorHandler(2, 'Trying to acces...', 'C:\\Users\\User\\D...', 12)
#1 C:\Users\User\Desktop\CI4Tutor\05_Model_Part2\system\View\View.php(210): include('C:\\Users\\User\\D...')
#2 C:\Users\User\Desktop\CI4Tutor\05_Model_Part2\system\View\View.php(213): CodeIgniter\View\View->CodeIgniter\View\{closure}()
#3 C:\Users\User\Desktop\CI4Tutor\05_Model_Part2\system\Common.php(1089): CodeIgniter\View\View->render('komik/detail', Array, true)
#4 C:\Users\User\Desktop\CI4Tutor\05_Model_Part2\app\Controllers\Komik.php(39): view('komik/detail', Array)
#5 C:\Users\User\Desktop\CI4Tutor\05_Model_Part2\system\CodeIgniter.php(832): App\Controllers\Komik->detail('create')
#6 C:\Users\User\Desktop\CI4Tutor\05_Model_Part2\system\CodeIgniter.php(419): CodeIgniter\CodeIgniter->runController(Object(App\Controllers\Komik))
#7 C:\Users\User\Desktop\CI4Tutor\05_Model_Part2\system\CodeIgniter.php(326): CodeIgniter\CodeIgniter->handleRequest(NULL, Object(Config\Cache), false)
#8 C:\Users\User\Desktop\CI4Tutor\05_Model_Part2\public\index.php(37): CodeIgniter\CodeIgniter->run()
#9 C:\Users\User\Desktop\CI4Tutor\05_Model_Part2\system\Commands\Server\rewrite.php(43): require_once('C:\\Users\\User\\D...')
#10 {main}
CRITICAL - 2022-03-07 07:11:17 --> Trying to access array offset on value of type null
#0 C:\Users\User\Desktop\CI4Tutor\05_Model_Part2\app\Views\komik\detail.php(12): CodeIgniter\Debug\Exceptions->errorHandler(2, 'Trying to acces...', 'C:\\Users\\User\\D...', 12)
#1 C:\Users\User\Desktop\CI4Tutor\05_Model_Part2\system\View\View.php(210): include('C:\\Users\\User\\D...')
#2 C:\Users\User\Desktop\CI4Tutor\05_Model_Part2\system\View\View.php(213): CodeIgniter\View\View->CodeIgniter\View\{closure}()
#3 C:\Users\User\Desktop\CI4Tutor\05_Model_Part2\system\Common.php(1089): CodeIgniter\View\View->render('komik/detail', Array, true)
#4 C:\Users\User\Desktop\CI4Tutor\05_Model_Part2\app\Controllers\Komik.php(39): view('komik/detail', Array)
#5 C:\Users\User\Desktop\CI4Tutor\05_Model_Part2\system\CodeIgniter.php(832): App\Controllers\Komik->detail('create')
#6 C:\Users\User\Desktop\CI4Tutor\05_Model_Part2\system\CodeIgniter.php(419): CodeIgniter\CodeIgniter->runController(Object(App\Controllers\Komik))
#7 C:\Users\User\Desktop\CI4Tutor\05_Model_Part2\system\CodeIgniter.php(326): CodeIgniter\CodeIgniter->handleRequest(NULL, Object(Config\Cache), false)
#8 C:\Users\User\Desktop\CI4Tutor\05_Model_Part2\public\index.php(37): CodeIgniter\CodeIgniter->run()
#9 C:\Users\User\Desktop\CI4Tutor\05_Model_Part2\system\Commands\Server\rewrite.php(43): require_once('C:\\Users\\User\\D...')
#10 {main}
CRITICAL - 2022-03-07 07:11:19 --> Trying to access array offset on value of type null
#0 C:\Users\User\Desktop\CI4Tutor\05_Model_Part2\app\Views\komik\detail.php(12): CodeIgniter\Debug\Exceptions->errorHandler(2, 'Trying to acces...', 'C:\\Users\\User\\D...', 12)
#1 C:\Users\User\Desktop\CI4Tutor\05_Model_Part2\system\View\View.php(210): include('C:\\Users\\User\\D...')
#2 C:\Users\User\Desktop\CI4Tutor\05_Model_Part2\system\View\View.php(213): CodeIgniter\View\View->CodeIgniter\View\{closure}()
#3 C:\Users\User\Desktop\CI4Tutor\05_Model_Part2\system\Common.php(1089): CodeIgniter\View\View->render('komik/detail', Array, true)
#4 C:\Users\User\Desktop\CI4Tutor\05_Model_Part2\app\Controllers\Komik.php(39): view('komik/detail', Array)
#5 C:\Users\User\Desktop\CI4Tutor\05_Model_Part2\system\CodeIgniter.php(832): App\Controllers\Komik->detail('create')
#6 C:\Users\User\Desktop\CI4Tutor\05_Model_Part2\system\CodeIgniter.php(419): CodeIgniter\CodeIgniter->runController(Object(App\Controllers\Komik))
#7 C:\Users\User\Desktop\CI4Tutor\05_Model_Part2\system\CodeIgniter.php(326): CodeIgniter\CodeIgniter->handleRequest(NULL, Object(Config\Cache), false)
#8 C:\Users\User\Desktop\CI4Tutor\05_Model_Part2\public\index.php(37): CodeIgniter\CodeIgniter->run()
#9 C:\Users\User\Desktop\CI4Tutor\05_Model_Part2\system\Commands\Server\rewrite.php(43): require_once('C:\\Users\\User\\D...')
#10 {main}
CRITICAL - 2022-03-07 07:11:28 --> Trying to access array offset on value of type null
#0 C:\Users\User\Desktop\CI4Tutor\05_Model_Part2\app\Views\komik\detail.php(12): CodeIgniter\Debug\Exceptions->errorHandler(2, 'Trying to acces...', 'C:\\Users\\User\\D...', 12)
#1 C:\Users\User\Desktop\CI4Tutor\05_Model_Part2\system\View\View.php(210): include('C:\\Users\\User\\D...')
#2 C:\Users\User\Desktop\CI4Tutor\05_Model_Part2\system\View\View.php(213): CodeIgniter\View\View->CodeIgniter\View\{closure}()
#3 C:\Users\User\Desktop\CI4Tutor\05_Model_Part2\system\Common.php(1089): CodeIgniter\View\View->render('komik/detail', Array, true)
#4 C:\Users\User\Desktop\CI4Tutor\05_Model_Part2\app\Controllers\Komik.php(39): view('komik/detail', Array)
#5 C:\Users\User\Desktop\CI4Tutor\05_Model_Part2\system\CodeIgniter.php(832): App\Controllers\Komik->detail('create')
#6 C:\Users\User\Desktop\CI4Tutor\05_Model_Part2\system\CodeIgniter.php(419): CodeIgniter\CodeIgniter->runController(Object(App\Controllers\Komik))
#7 C:\Users\User\Desktop\CI4Tutor\05_Model_Part2\system\CodeIgniter.php(326): CodeIgniter\CodeIgniter->handleRequest(NULL, Object(Config\Cache), false)
#8 C:\Users\User\Desktop\CI4Tutor\05_Model_Part2\public\index.php(37): CodeIgniter\CodeIgniter->run()
#9 C:\Users\User\Desktop\CI4Tutor\05_Model_Part2\system\Commands\Server\rewrite.php(43): require_once('C:\\Users\\User\\D...')
#10 {main}
CRITICAL - 2022-03-07 07:12:04 --> Trying to access array offset on value of type null
#0 C:\Users\User\Desktop\CI4Tutor\05_Model_Part2\app\Views\komik\detail.php(12): CodeIgniter\Debug\Exceptions->errorHandler(2, 'Trying to acces...', 'C:\\Users\\User\\D...', 12)
#1 C:\Users\User\Desktop\CI4Tutor\05_Model_Part2\system\View\View.php(210): include('C:\\Users\\User\\D...')
#2 C:\Users\User\Desktop\CI4Tutor\05_Model_Part2\system\View\View.php(213): CodeIgniter\View\View->CodeIgniter\View\{closure}()
#3 C:\Users\User\Desktop\CI4Tutor\05_Model_Part2\system\Common.php(1089): CodeIgniter\View\View->render('komik/detail', Array, true)
#4 C:\Users\User\Desktop\CI4Tutor\05_Model_Part2\app\Controllers\Komik.php(39): view('komik/detail', Array)
#5 C:\Users\User\Desktop\CI4Tutor\05_Model_Part2\system\CodeIgniter.php(832): App\Controllers\Komik->detail('sfse')
#6 C:\Users\User\Desktop\CI4Tutor\05_Model_Part2\system\CodeIgniter.php(419): CodeIgniter\CodeIgniter->runController(Object(App\Controllers\Komik))
#7 C:\Users\User\Desktop\CI4Tutor\05_Model_Part2\system\CodeIgniter.php(326): CodeIgniter\CodeIgniter->handleRequest(NULL, Object(Config\Cache), false)
#8 C:\Users\User\Desktop\CI4Tutor\05_Model_Part2\public\index.php(37): CodeIgniter\CodeIgniter->run()
#9 C:\Users\User\Desktop\CI4Tutor\05_Model_Part2\system\Commands\Server\rewrite.php(43): require_once('C:\\Users\\User\\D...')
#10 {main}
CRITICAL - 2022-03-07 07:12:26 --> Trying to access array offset on value of type null
#0 C:\Users\User\Desktop\CI4Tutor\05_Model_Part2\app\Views\komik\detail.php(12): CodeIgniter\Debug\Exceptions->errorHandler(2, 'Trying to acces...', 'C:\\Users\\User\\D...', 12)
#1 C:\Users\User\Desktop\CI4Tutor\05_Model_Part2\system\View\View.php(210): include('C:\\Users\\User\\D...')
#2 C:\Users\User\Desktop\CI4Tutor\05_Model_Part2\system\View\View.php(213): CodeIgniter\View\View->CodeIgniter\View\{closure}()
#3 C:\Users\User\Desktop\CI4Tutor\05_Model_Part2\system\Common.php(1089): CodeIgniter\View\View->render('komik/detail', Array, true)
#4 C:\Users\User\Desktop\CI4Tutor\05_Model_Part2\app\Controllers\Komik.php(39): view('komik/detail', Array)
#5 C:\Users\User\Desktop\CI4Tutor\05_Model_Part2\system\CodeIgniter.php(832): App\Controllers\Komik->detail('create')
#6 C:\Users\User\Desktop\CI4Tutor\05_Model_Part2\system\CodeIgniter.php(419): CodeIgniter\CodeIgniter->runController(Object(App\Controllers\Komik))
#7 C:\Users\User\Desktop\CI4Tutor\05_Model_Part2\system\CodeIgniter.php(326): CodeIgniter\CodeIgniter->handleRequest(NULL, Object(Config\Cache), false)
#8 C:\Users\User\Desktop\CI4Tutor\05_Model_Part2\public\index.php(37): CodeIgniter\CodeIgniter->run()
#9 C:\Users\User\Desktop\CI4Tutor\05_Model_Part2\system\Commands\Server\rewrite.php(43): require_once('C:\\Users\\User\\D...')
#10 {main}
CRITICAL - 2022-03-07 07:14:24 --> Trying to access array offset on value of type null
#0 C:\Users\User\Desktop\CI4Tutor\05_Model_Part2\app\Views\komik\detail.php(12): CodeIgniter\Debug\Exceptions->errorHandler(2, 'Trying to acces...', 'C:\\Users\\User\\D...', 12)
#1 C:\Users\User\Desktop\CI4Tutor\05_Model_Part2\system\View\View.php(210): include('C:\\Users\\User\\D...')
#2 C:\Users\User\Desktop\CI4Tutor\05_Model_Part2\system\View\View.php(213): CodeIgniter\View\View->CodeIgniter\View\{closure}()
#3 C:\Users\User\Desktop\CI4Tutor\05_Model_Part2\system\Common.php(1089): CodeIgniter\View\View->render('komik/detail', Array, true)
#4 C:\Users\User\Desktop\CI4Tutor\05_Model_Part2\app\Controllers\Komik.php(39): view('komik/detail', Array)
#5 C:\Users\User\Desktop\CI4Tutor\05_Model_Part2\system\CodeIgniter.php(832): App\Controllers\Komik->detail('create')
#6 C:\Users\User\Desktop\CI4Tutor\05_Model_Part2\system\CodeIgniter.php(419): CodeIgniter\CodeIgniter->runController(Object(App\Controllers\Komik))
#7 C:\Users\User\Desktop\CI4Tutor\05_Model_Part2\system\CodeIgniter.php(326): CodeIgniter\CodeIgniter->handleRequest(NULL, Object(Config\Cache), false)
#8 C:\Users\User\Desktop\CI4Tutor\05_Model_Part2\public\index.php(37): CodeIgniter\CodeIgniter->run()
#9 C:\Users\User\Desktop\CI4Tutor\05_Model_Part2\system\Commands\Server\rewrite.php(43): require_once('C:\\Users\\User\\D...')
#10 {main}
CRITICAL - 2022-03-07 07:17:34 --> Trying to access array offset on value of type null
#0 C:\Users\User\Desktop\CI4Tutor\05_Model_Part2\app\Views\komik\detail.php(12): CodeIgniter\Debug\Exceptions->errorHandler(2, 'Trying to acces...', 'C:\\Users\\User\\D...', 12)
#1 C:\Users\User\Desktop\CI4Tutor\05_Model_Part2\system\View\View.php(210): include('C:\\Users\\User\\D...')
#2 C:\Users\User\Desktop\CI4Tutor\05_Model_Part2\system\View\View.php(213): CodeIgniter\View\View->CodeIgniter\View\{closure}()
#3 C:\Users\User\Desktop\CI4Tutor\05_Model_Part2\system\Common.php(1089): CodeIgniter\View\View->render('komik/detail', Array, true)
#4 C:\Users\User\Desktop\CI4Tutor\05_Model_Part2\app\Controllers\Komik.php(39): view('komik/detail', Array)
#5 C:\Users\User\Desktop\CI4Tutor\05_Model_Part2\system\CodeIgniter.php(832): App\Controllers\Komik->detail('create')
#6 C:\Users\User\Desktop\CI4Tutor\05_Model_Part2\system\CodeIgniter.php(419): CodeIgniter\CodeIgniter->runController(Object(App\Controllers\Komik))
#7 C:\Users\User\Desktop\CI4Tutor\05_Model_Part2\system\CodeIgniter.php(326): CodeIgniter\CodeIgniter->handleRequest(NULL, Object(Config\Cache), false)
#8 C:\Users\User\Desktop\CI4Tutor\05_Model_Part2\public\index.php(37): CodeIgniter\CodeIgniter->run()
#9 C:\Users\User\Desktop\CI4Tutor\05_Model_Part2\system\Commands\Server\rewrite.php(43): require_once('C:\\Users\\User\\D...')
#10 {main}
CRITICAL - 2022-03-07 07:20:56 --> Trying to access array offset on value of type null
#0 C:\Users\User\Desktop\CI4Tutor\05_Model_Part2\app\Views\komik\detail.php(12): CodeIgniter\Debug\Exceptions->errorHandler(2, 'Trying to acces...', 'C:\\Users\\User\\D...', 12)
#1 C:\Users\User\Desktop\CI4Tutor\05_Model_Part2\system\View\View.php(210): include('C:\\Users\\User\\D...')
#2 C:\Users\User\Desktop\CI4Tutor\05_Model_Part2\system\View\View.php(213): CodeIgniter\View\View->CodeIgniter\View\{closure}()
#3 C:\Users\User\Desktop\CI4Tutor\05_Model_Part2\system\Common.php(1089): CodeIgniter\View\View->render('komik/detail', Array, true)
#4 C:\Users\User\Desktop\CI4Tutor\05_Model_Part2\app\Controllers\Komik.php(39): view('komik/detail', Array)
#5 C:\Users\User\Desktop\CI4Tutor\05_Model_Part2\system\CodeIgniter.php(832): App\Controllers\Komik->detail('create')
#6 C:\Users\User\Desktop\CI4Tutor\05_Model_Part2\system\CodeIgniter.php(419): CodeIgniter\CodeIgniter->runController(Object(App\Controllers\Komik))
#7 C:\Users\User\Desktop\CI4Tutor\05_Model_Part2\system\CodeIgniter.php(326): CodeIgniter\CodeIgniter->handleRequest(NULL, Object(Config\Cache), false)
#8 C:\Users\User\Desktop\CI4Tutor\05_Model_Part2\public\index.php(37): CodeIgniter\CodeIgniter->run()
#9 C:\Users\User\Desktop\CI4Tutor\05_Model_Part2\system\Commands\Server\rewrite.php(43): require_once('C:\\Users\\User\\D...')
#10 {main}
CRITICAL - 2022-03-07 07:23:28 --> Trying to access array offset on value of type null
#0 C:\Users\User\Desktop\CI4Tutor\05_Model_Part2\app\Views\komik\detail.php(12): CodeIgniter\Debug\Exceptions->errorHandler(2, 'Trying to acces...', 'C:\\Users\\User\\D...', 12)
#1 C:\Users\User\Desktop\CI4Tutor\05_Model_Part2\system\View\View.php(210): include('C:\\Users\\User\\D...')
#2 C:\Users\User\Desktop\CI4Tutor\05_Model_Part2\system\View\View.php(213): CodeIgniter\View\View->CodeIgniter\View\{closure}()
#3 C:\Users\User\Desktop\CI4Tutor\05_Model_Part2\system\Common.php(1089): CodeIgniter\View\View->render('komik/detail', Array, true)
#4 C:\Users\User\Desktop\CI4Tutor\05_Model_Part2\app\Controllers\Komik.php(39): view('komik/detail', Array)
#5 C:\Users\User\Desktop\CI4Tutor\05_Model_Part2\system\CodeIgniter.php(832): App\Controllers\Komik->detail('creat')
#6 C:\Users\User\Desktop\CI4Tutor\05_Model_Part2\system\CodeIgniter.php(419): CodeIgniter\CodeIgniter->runController(Object(App\Controllers\Komik))
#7 C:\Users\User\Desktop\CI4Tutor\05_Model_Part2\system\CodeIgniter.php(326): CodeIgniter\CodeIgniter->handleRequest(NULL, Object(Config\Cache), false)
#8 C:\Users\User\Desktop\CI4Tutor\05_Model_Part2\public\index.php(37): CodeIgniter\CodeIgniter->run()
#9 C:\Users\User\Desktop\CI4Tutor\05_Model_Part2\system\Commands\Server\rewrite.php(43): require_once('C:\\Users\\User\\D...')
#10 {main}
CRITICAL - 2022-03-07 07:24:16 --> Trying to access array offset on value of type null
#0 C:\Users\User\Desktop\CI4Tutor\05_Model_Part2\app\Views\komik\detail.php(12): CodeIgniter\Debug\Exceptions->errorHandler(2, 'Trying to acces...', 'C:\\Users\\User\\D...', 12)
#1 C:\Users\User\Desktop\CI4Tutor\05_Model_Part2\system\View\View.php(210): include('C:\\Users\\User\\D...')
#2 C:\Users\User\Desktop\CI4Tutor\05_Model_Part2\system\View\View.php(213): CodeIgniter\View\View->CodeIgniter\View\{closure}()
#3 C:\Users\User\Desktop\CI4Tutor\05_Model_Part2\system\Common.php(1089): CodeIgniter\View\View->render('komik/detail', Array, true)
#4 C:\Users\User\Desktop\CI4Tutor\05_Model_Part2\app\Controllers\Komik.php(39): view('komik/detail', Array)
#5 C:\Users\User\Desktop\CI4Tutor\05_Model_Part2\system\CodeIgniter.php(832): App\Controllers\Komik->detail('a')
#6 C:\Users\User\Desktop\CI4Tutor\05_Model_Part2\system\CodeIgniter.php(419): CodeIgniter\CodeIgniter->runController(Object(App\Controllers\Komik))
#7 C:\Users\User\Desktop\CI4Tutor\05_Model_Part2\system\CodeIgniter.php(326): CodeIgniter\CodeIgniter->handleRequest(NULL, Object(Config\Cache), false)
#8 C:\Users\User\Desktop\CI4Tutor\05_Model_Part2\public\index.php(37): CodeIgniter\CodeIgniter->run()
#9 C:\Users\User\Desktop\CI4Tutor\05_Model_Part2\system\Commands\Server\rewrite.php(43): require_once('C:\\Users\\User\\D...')
#10 {main}
