CRITICAL - 2022-03-06 06:37:33 --> Call to undefined method CodeIgniter\View\View::extends()
#0 C:\Users\User\Desktop\CI4Tutor\04_Model\system\View\View.php(210): include()
#1 C:\Users\User\Desktop\CI4Tutor\04_Model\system\View\View.php(213): CodeIgniter\View\View->CodeIgniter\View\{closure}()
#2 C:\Users\User\Desktop\CI4Tutor\04_Model\system\Common.php(1089): CodeIgniter\View\View->render('komik/index', Array, true)
#3 C:\Users\User\Desktop\CI4Tutor\04_Model\app\Controllers\Komik.php(12): view('komik/index', Array)
#4 C:\Users\User\Desktop\CI4Tutor\04_Model\system\CodeIgniter.php(832): App\Controllers\Komik->index()
#5 C:\Users\User\Desktop\CI4Tutor\04_Model\system\CodeIgniter.php(419): CodeIgniter\CodeIgniter->runController(Object(App\Controllers\Komik))
#6 C:\Users\User\Desktop\CI4Tutor\04_Model\system\CodeIgniter.php(326): CodeIgniter\CodeIgniter->handleRequest(NULL, Object(Config\Cache), false)
#7 C:\Users\User\Desktop\CI4Tutor\04_Model\public\index.php(37): CodeIgniter\CodeIgniter->run()
#8 C:\Users\User\Desktop\CI4Tutor\04_Model\system\Commands\Server\rewrite.php(43): require_once('C:\\Users\\User\\D...')
#9 {main}
CRITICAL - 2022-03-06 18:28:25 --> Call to a member function where() on null
#0 C:\Users\User\Desktop\CI4Tutor\05_Model_Part2\app\Controllers\Komik.php(25): App\Models\KomikModel->getKomik()
#1 C:\Users\User\Desktop\CI4Tutor\05_Model_Part2\system\CodeIgniter.php(832): App\Controllers\Komik->index()
#2 C:\Users\User\Desktop\CI4Tutor\05_Model_Part2\system\CodeIgniter.php(419): CodeIgniter\CodeIgniter->runController(Object(App\Controllers\Komik))
#3 C:\Users\User\Desktop\CI4Tutor\05_Model_Part2\system\CodeIgniter.php(326): CodeIgniter\CodeIgniter->handleRequest(NULL, Object(Config\Cache), false)
#4 C:\Users\User\Desktop\CI4Tutor\05_Model_Part2\public\index.php(37): CodeIgniter\CodeIgniter->run()
#5 C:\Users\User\Desktop\CI4Tutor\05_Model_Part2\system\Commands\Server\rewrite.php(43): require_once('C:\\Users\\User\\D...')
#6 {main}
CRITICAL - 2022-03-06 18:28:58 --> Cannot access offset of type string on string
#0 C:\Users\User\Desktop\CI4Tutor\05_Model_Part2\system\View\View.php(210): include()
#1 C:\Users\User\Desktop\CI4Tutor\05_Model_Part2\system\View\View.php(213): CodeIgniter\View\View->CodeIgniter\View\{closure}()
#2 C:\Users\User\Desktop\CI4Tutor\05_Model_Part2\system\Common.php(1089): CodeIgniter\View\View->render('komik/index', Array, true)
#3 C:\Users\User\Desktop\CI4Tutor\05_Model_Part2\app\Controllers\Komik.php(29): view('komik/index', Array)
#4 C:\Users\User\Desktop\CI4Tutor\05_Model_Part2\system\CodeIgniter.php(832): App\Controllers\Komik->index()
#5 C:\Users\User\Desktop\CI4Tutor\05_Model_Part2\system\CodeIgniter.php(419): CodeIgniter\CodeIgniter->runController(Object(App\Controllers\Komik))
#6 C:\Users\User\Desktop\CI4Tutor\05_Model_Part2\system\CodeIgniter.php(326): CodeIgniter\CodeIgniter->handleRequest(NULL, Object(Config\Cache), false)
#7 C:\Users\User\Desktop\CI4Tutor\05_Model_Part2\public\index.php(37): CodeIgniter\CodeIgniter->run()
#8 C:\Users\User\Desktop\CI4Tutor\05_Model_Part2\system\Commands\Server\rewrite.php(43): require_once('C:\\Users\\User\\D...')
#9 {main}
CRITICAL - 2022-03-06 18:31:07 --> Cannot access offset of type string on string
#0 C:\Users\User\Desktop\CI4Tutor\05_Model_Part2\system\View\View.php(210): include()
#1 C:\Users\User\Desktop\CI4Tutor\05_Model_Part2\system\View\View.php(213): CodeIgniter\View\View->CodeIgniter\View\{closure}()
#2 C:\Users\User\Desktop\CI4Tutor\05_Model_Part2\system\Common.php(1089): CodeIgniter\View\View->render('komik/index', Array, true)
#3 C:\Users\User\Desktop\CI4Tutor\05_Model_Part2\app\Controllers\Komik.php(29): view('komik/index', Array)
#4 C:\Users\User\Desktop\CI4Tutor\05_Model_Part2\system\CodeIgniter.php(832): App\Controllers\Komik->index()
#5 C:\Users\User\Desktop\CI4Tutor\05_Model_Part2\system\CodeIgniter.php(419): CodeIgniter\CodeIgniter->runController(Object(App\Controllers\Komik))
#6 C:\Users\User\Desktop\CI4Tutor\05_Model_Part2\system\CodeIgniter.php(326): CodeIgniter\CodeIgniter->handleRequest(NULL, Object(Config\Cache), false)
#7 C:\Users\User\Desktop\CI4Tutor\05_Model_Part2\public\index.php(37): CodeIgniter\CodeIgniter->run()
#8 C:\Users\User\Desktop\CI4Tutor\05_Model_Part2\system\Commands\Server\rewrite.php(43): require_once('C:\\Users\\User\\D...')
#9 {main}
CRITICAL - 2022-03-06 18:31:57 --> Cannot access offset of type string on string
#0 C:\Users\User\Desktop\CI4Tutor\05_Model_Part2\system\View\View.php(210): include()
#1 C:\Users\User\Desktop\CI4Tutor\05_Model_Part2\system\View\View.php(213): CodeIgniter\View\View->CodeIgniter\View\{closure}()
#2 C:\Users\User\Desktop\CI4Tutor\05_Model_Part2\system\Common.php(1089): CodeIgniter\View\View->render('komik/index', Array, true)
#3 C:\Users\User\Desktop\CI4Tutor\05_Model_Part2\app\Controllers\Komik.php(29): view('komik/index', Array)
#4 C:\Users\User\Desktop\CI4Tutor\05_Model_Part2\system\CodeIgniter.php(832): App\Controllers\Komik->index()
#5 C:\Users\User\Desktop\CI4Tutor\05_Model_Part2\system\CodeIgniter.php(419): CodeIgniter\CodeIgniter->runController(Object(App\Controllers\Komik))
#6 C:\Users\User\Desktop\CI4Tutor\05_Model_Part2\system\CodeIgniter.php(326): CodeIgniter\CodeIgniter->handleRequest(NULL, Object(Config\Cache), false)
#7 C:\Users\User\Desktop\CI4Tutor\05_Model_Part2\public\index.php(37): CodeIgniter\CodeIgniter->run()
#8 C:\Users\User\Desktop\CI4Tutor\05_Model_Part2\system\Commands\Server\rewrite.php(43): require_once('C:\\Users\\User\\D...')
#9 {main}
CRITICAL - 2022-03-06 18:48:24 --> Cannot access offset of type string on string
#0 C:\Users\User\Desktop\CI4Tutor\05_Model_Part2\system\View\View.php(210): include()
#1 C:\Users\User\Desktop\CI4Tutor\05_Model_Part2\system\View\View.php(213): CodeIgniter\View\View->CodeIgniter\View\{closure}()
#2 C:\Users\User\Desktop\CI4Tutor\05_Model_Part2\system\Common.php(1089): CodeIgniter\View\View->render('komik/index', Array, true)
#3 C:\Users\User\Desktop\CI4Tutor\05_Model_Part2\app\Controllers\Komik.php(29): view('komik/index', Array)
#4 C:\Users\User\Desktop\CI4Tutor\05_Model_Part2\system\CodeIgniter.php(832): App\Controllers\Komik->index()
#5 C:\Users\User\Desktop\CI4Tutor\05_Model_Part2\system\CodeIgniter.php(419): CodeIgniter\CodeIgniter->runController(Object(App\Controllers\Komik))
#6 C:\Users\User\Desktop\CI4Tutor\05_Model_Part2\system\CodeIgniter.php(326): CodeIgniter\CodeIgniter->handleRequest(NULL, Object(Config\Cache), false)
#7 C:\Users\User\Desktop\CI4Tutor\05_Model_Part2\public\index.php(37): CodeIgniter\CodeIgniter->run()
#8 C:\Users\User\Desktop\CI4Tutor\05_Model_Part2\system\Commands\Server\rewrite.php(43): require_once('C:\\Users\\User\\D...')
#9 {main}
CRITICAL - 2022-03-06 18:49:47 --> foreach() argument must be of type array|object, null given
#0 C:\Users\User\Desktop\CI4Tutor\05_Model_Part2\app\Views\komik\index.php(22): CodeIgniter\Debug\Exceptions->errorHandler(2, 'foreach() argum...', 'C:\\Users\\User\\D...', 22)
#1 C:\Users\User\Desktop\CI4Tutor\05_Model_Part2\system\View\View.php(210): include('C:\\Users\\User\\D...')
#2 C:\Users\User\Desktop\CI4Tutor\05_Model_Part2\system\View\View.php(213): CodeIgniter\View\View->CodeIgniter\View\{closure}()
#3 C:\Users\User\Desktop\CI4Tutor\05_Model_Part2\system\Common.php(1089): CodeIgniter\View\View->render('komik/index', Array, true)
#4 C:\Users\User\Desktop\CI4Tutor\05_Model_Part2\app\Controllers\Komik.php(29): view('komik/index', Array)
#5 C:\Users\User\Desktop\CI4Tutor\05_Model_Part2\system\CodeIgniter.php(832): App\Controllers\Komik->index()
#6 C:\Users\User\Desktop\CI4Tutor\05_Model_Part2\system\CodeIgniter.php(419): CodeIgniter\CodeIgniter->runController(Object(App\Controllers\Komik))
#7 C:\Users\User\Desktop\CI4Tutor\05_Model_Part2\system\CodeIgniter.php(326): CodeIgniter\CodeIgniter->handleRequest(NULL, Object(Config\Cache), false)
#8 C:\Users\User\Desktop\CI4Tutor\05_Model_Part2\public\index.php(37): CodeIgniter\CodeIgniter->run()
#9 C:\Users\User\Desktop\CI4Tutor\05_Model_Part2\system\Commands\Server\rewrite.php(43): require_once('C:\\Users\\User\\D...')
#10 {main}
CRITICAL - 2022-03-06 18:50:27 --> Undefined variable $komik
#0 C:\Users\User\Desktop\CI4Tutor\05_Model_Part2\app\Controllers\Komik.php(28): CodeIgniter\Debug\Exceptions->errorHandler(2, 'Undefined varia...', 'C:\\Users\\User\\D...', 28)
#1 C:\Users\User\Desktop\CI4Tutor\05_Model_Part2\system\CodeIgniter.php(832): App\Controllers\Komik->index()
#2 C:\Users\User\Desktop\CI4Tutor\05_Model_Part2\system\CodeIgniter.php(419): CodeIgniter\CodeIgniter->runController(Object(App\Controllers\Komik))
#3 C:\Users\User\Desktop\CI4Tutor\05_Model_Part2\system\CodeIgniter.php(326): CodeIgniter\CodeIgniter->handleRequest(NULL, Object(Config\Cache), false)
#4 C:\Users\User\Desktop\CI4Tutor\05_Model_Part2\public\index.php(37): CodeIgniter\CodeIgniter->run()
#5 C:\Users\User\Desktop\CI4Tutor\05_Model_Part2\system\Commands\Server\rewrite.php(43): require_once('C:\\Users\\User\\D...')
#6 {main}
CRITICAL - 2022-03-06 18:53:03 --> Cannot access offset of type string on string
#0 C:\Users\User\Desktop\CI4Tutor\05_Model_Part2\system\View\View.php(210): include()
#1 C:\Users\User\Desktop\CI4Tutor\05_Model_Part2\system\View\View.php(213): CodeIgniter\View\View->CodeIgniter\View\{closure}()
#2 C:\Users\User\Desktop\CI4Tutor\05_Model_Part2\system\Common.php(1089): CodeIgniter\View\View->render('komik/index', Array, true)
#3 C:\Users\User\Desktop\CI4Tutor\05_Model_Part2\app\Controllers\Komik.php(29): view('komik/index', Array)
#4 C:\Users\User\Desktop\CI4Tutor\05_Model_Part2\system\CodeIgniter.php(832): App\Controllers\Komik->index()
#5 C:\Users\User\Desktop\CI4Tutor\05_Model_Part2\system\CodeIgniter.php(419): CodeIgniter\CodeIgniter->runController(Object(App\Controllers\Komik))
#6 C:\Users\User\Desktop\CI4Tutor\05_Model_Part2\system\CodeIgniter.php(326): CodeIgniter\CodeIgniter->handleRequest(NULL, Object(Config\Cache), false)
#7 C:\Users\User\Desktop\CI4Tutor\05_Model_Part2\public\index.php(37): CodeIgniter\CodeIgniter->run()
#8 C:\Users\User\Desktop\CI4Tutor\05_Model_Part2\system\Commands\Server\rewrite.php(43): require_once('C:\\Users\\User\\D...')
#9 {main}
CRITICAL - 2022-03-06 18:54:40 --> Cannot access offset of type string on string
#0 C:\Users\User\Desktop\CI4Tutor\05_Model_Part2\system\View\View.php(210): include()
#1 C:\Users\User\Desktop\CI4Tutor\05_Model_Part2\system\View\View.php(213): CodeIgniter\View\View->CodeIgniter\View\{closure}()
#2 C:\Users\User\Desktop\CI4Tutor\05_Model_Part2\system\Common.php(1089): CodeIgniter\View\View->render('komik/index', Array, true)
#3 C:\Users\User\Desktop\CI4Tutor\05_Model_Part2\app\Controllers\Komik.php(29): view('komik/index', Array)
#4 C:\Users\User\Desktop\CI4Tutor\05_Model_Part2\system\CodeIgniter.php(832): App\Controllers\Komik->index()
#5 C:\Users\User\Desktop\CI4Tutor\05_Model_Part2\system\CodeIgniter.php(419): CodeIgniter\CodeIgniter->runController(Object(App\Controllers\Komik))
#6 C:\Users\User\Desktop\CI4Tutor\05_Model_Part2\system\CodeIgniter.php(326): CodeIgniter\CodeIgniter->handleRequest(NULL, Object(Config\Cache), false)
#7 C:\Users\User\Desktop\CI4Tutor\05_Model_Part2\public\index.php(37): CodeIgniter\CodeIgniter->run()
#8 C:\Users\User\Desktop\CI4Tutor\05_Model_Part2\system\Commands\Server\rewrite.php(43): require_once('C:\\Users\\User\\D...')
#9 {main}
CRITICAL - 2022-03-06 18:57:29 --> Cannot access offset of type string on string
#0 C:\Users\User\Desktop\CI4Tutor\05_Model_Part2\system\View\View.php(210): include()
#1 C:\Users\User\Desktop\CI4Tutor\05_Model_Part2\system\View\View.php(213): CodeIgniter\View\View->CodeIgniter\View\{closure}()
#2 C:\Users\User\Desktop\CI4Tutor\05_Model_Part2\system\Common.php(1089): CodeIgniter\View\View->render('komik/index', Array, true)
#3 C:\Users\User\Desktop\CI4Tutor\05_Model_Part2\app\Controllers\Komik.php(29): view('komik/index', Array)
#4 C:\Users\User\Desktop\CI4Tutor\05_Model_Part2\system\CodeIgniter.php(832): App\Controllers\Komik->index()
#5 C:\Users\User\Desktop\CI4Tutor\05_Model_Part2\system\CodeIgniter.php(419): CodeIgniter\CodeIgniter->runController(Object(App\Controllers\Komik))
#6 C:\Users\User\Desktop\CI4Tutor\05_Model_Part2\system\CodeIgniter.php(326): CodeIgniter\CodeIgniter->handleRequest(NULL, Object(Config\Cache), false)
#7 C:\Users\User\Desktop\CI4Tutor\05_Model_Part2\public\index.php(37): CodeIgniter\CodeIgniter->run()
#8 C:\Users\User\Desktop\CI4Tutor\05_Model_Part2\system\Commands\Server\rewrite.php(43): require_once('C:\\Users\\User\\D...')
#9 {main}
CRITICAL - 2022-03-06 18:58:12 --> Undefined variable $data
#0 C:\Users\User\Desktop\CI4Tutor\05_Model_Part2\app\Views\komik\index.php(5): CodeIgniter\Debug\Exceptions->errorHandler(2, 'Undefined varia...', 'C:\\Users\\User\\D...', 5)
#1 C:\Users\User\Desktop\CI4Tutor\05_Model_Part2\system\View\View.php(210): include('C:\\Users\\User\\D...')
#2 C:\Users\User\Desktop\CI4Tutor\05_Model_Part2\system\View\View.php(213): CodeIgniter\View\View->CodeIgniter\View\{closure}()
#3 C:\Users\User\Desktop\CI4Tutor\05_Model_Part2\system\Common.php(1089): CodeIgniter\View\View->render('komik/index', Array, true)
#4 C:\Users\User\Desktop\CI4Tutor\05_Model_Part2\app\Controllers\Komik.php(29): view('komik/index', Array)
#5 C:\Users\User\Desktop\CI4Tutor\05_Model_Part2\system\CodeIgniter.php(832): App\Controllers\Komik->index()
#6 C:\Users\User\Desktop\CI4Tutor\05_Model_Part2\system\CodeIgniter.php(419): CodeIgniter\CodeIgniter->runController(Object(App\Controllers\Komik))
#7 C:\Users\User\Desktop\CI4Tutor\05_Model_Part2\system\CodeIgniter.php(326): CodeIgniter\CodeIgniter->handleRequest(NULL, Object(Config\Cache), false)
#8 C:\Users\User\Desktop\CI4Tutor\05_Model_Part2\public\index.php(37): CodeIgniter\CodeIgniter->run()
#9 C:\Users\User\Desktop\CI4Tutor\05_Model_Part2\system\Commands\Server\rewrite.php(43): require_once('C:\\Users\\User\\D...')
#10 {main}
CRITICAL - 2022-03-06 18:58:24 --> Cannot access offset of type string on string
#0 C:\Users\User\Desktop\CI4Tutor\05_Model_Part2\system\View\View.php(210): include()
#1 C:\Users\User\Desktop\CI4Tutor\05_Model_Part2\system\View\View.php(213): CodeIgniter\View\View->CodeIgniter\View\{closure}()
#2 C:\Users\User\Desktop\CI4Tutor\05_Model_Part2\system\Common.php(1089): CodeIgniter\View\View->render('komik/index', Array, true)
#3 C:\Users\User\Desktop\CI4Tutor\05_Model_Part2\app\Controllers\Komik.php(29): view('komik/index', Array)
#4 C:\Users\User\Desktop\CI4Tutor\05_Model_Part2\system\CodeIgniter.php(832): App\Controllers\Komik->index()
#5 C:\Users\User\Desktop\CI4Tutor\05_Model_Part2\system\CodeIgniter.php(419): CodeIgniter\CodeIgniter->runController(Object(App\Controllers\Komik))
#6 C:\Users\User\Desktop\CI4Tutor\05_Model_Part2\system\CodeIgniter.php(326): CodeIgniter\CodeIgniter->handleRequest(NULL, Object(Config\Cache), false)
#7 C:\Users\User\Desktop\CI4Tutor\05_Model_Part2\public\index.php(37): CodeIgniter\CodeIgniter->run()
#8 C:\Users\User\Desktop\CI4Tutor\05_Model_Part2\system\Commands\Server\rewrite.php(43): require_once('C:\\Users\\User\\D...')
#9 {main}
CRITICAL - 2022-03-06 19:00:57 --> Cannot access offset of type string on string
#0 C:\Users\User\Desktop\CI4Tutor\05_Model_Part2\system\View\View.php(210): include()
#1 C:\Users\User\Desktop\CI4Tutor\05_Model_Part2\system\View\View.php(213): CodeIgniter\View\View->CodeIgniter\View\{closure}()
#2 C:\Users\User\Desktop\CI4Tutor\05_Model_Part2\system\Common.php(1089): CodeIgniter\View\View->render('komik/index', Array, true)
#3 C:\Users\User\Desktop\CI4Tutor\05_Model_Part2\app\Controllers\Komik.php(29): view('komik/index', Array)
#4 C:\Users\User\Desktop\CI4Tutor\05_Model_Part2\system\CodeIgniter.php(832): App\Controllers\Komik->index()
#5 C:\Users\User\Desktop\CI4Tutor\05_Model_Part2\system\CodeIgniter.php(419): CodeIgniter\CodeIgniter->runController(Object(App\Controllers\Komik))
#6 C:\Users\User\Desktop\CI4Tutor\05_Model_Part2\system\CodeIgniter.php(326): CodeIgniter\CodeIgniter->handleRequest(NULL, Object(Config\Cache), false)
#7 C:\Users\User\Desktop\CI4Tutor\05_Model_Part2\public\index.php(37): CodeIgniter\CodeIgniter->run()
#8 C:\Users\User\Desktop\CI4Tutor\05_Model_Part2\system\Commands\Server\rewrite.php(43): require_once('C:\\Users\\User\\D...')
#9 {main}
CRITICAL - 2022-03-06 19:01:40 --> Cannot access offset of type string on string
#0 C:\Users\User\Desktop\CI4Tutor\05_Model_Part2\system\View\View.php(210): include()
#1 C:\Users\User\Desktop\CI4Tutor\05_Model_Part2\system\View\View.php(213): CodeIgniter\View\View->CodeIgniter\View\{closure}()
#2 C:\Users\User\Desktop\CI4Tutor\05_Model_Part2\system\Common.php(1089): CodeIgniter\View\View->render('komik/index', Array, true)
#3 C:\Users\User\Desktop\CI4Tutor\05_Model_Part2\app\Controllers\Komik.php(29): view('komik/index', Array)
#4 C:\Users\User\Desktop\CI4Tutor\05_Model_Part2\system\CodeIgniter.php(832): App\Controllers\Komik->index()
#5 C:\Users\User\Desktop\CI4Tutor\05_Model_Part2\system\CodeIgniter.php(419): CodeIgniter\CodeIgniter->runController(Object(App\Controllers\Komik))
#6 C:\Users\User\Desktop\CI4Tutor\05_Model_Part2\system\CodeIgniter.php(326): CodeIgniter\CodeIgniter->handleRequest(NULL, Object(Config\Cache), false)
#7 C:\Users\User\Desktop\CI4Tutor\05_Model_Part2\public\index.php(37): CodeIgniter\CodeIgniter->run()
#8 C:\Users\User\Desktop\CI4Tutor\05_Model_Part2\system\Commands\Server\rewrite.php(43): require_once('C:\\Users\\User\\D...')
#9 {main}
CRITICAL - 2022-03-06 19:09:10 --> foreach() argument must be of type array|object, null given
#0 C:\Users\User\Desktop\CI4Tutor\05_Model_Part2\app\Views\komik\index.php(20): CodeIgniter\Debug\Exceptions->errorHandler(2, 'foreach() argum...', 'C:\\Users\\User\\D...', 20)
#1 C:\Users\User\Desktop\CI4Tutor\05_Model_Part2\system\View\View.php(210): include('C:\\Users\\User\\D...')
#2 C:\Users\User\Desktop\CI4Tutor\05_Model_Part2\system\View\View.php(213): CodeIgniter\View\View->CodeIgniter\View\{closure}()
#3 C:\Users\User\Desktop\CI4Tutor\05_Model_Part2\system\Common.php(1089): CodeIgniter\View\View->render('komik/index', Array, true)
#4 C:\Users\User\Desktop\CI4Tutor\05_Model_Part2\app\Controllers\Komik.php(30): view('komik/index', Array)
#5 C:\Users\User\Desktop\CI4Tutor\05_Model_Part2\system\CodeIgniter.php(832): App\Controllers\Komik->index()
#6 C:\Users\User\Desktop\CI4Tutor\05_Model_Part2\system\CodeIgniter.php(419): CodeIgniter\CodeIgniter->runController(Object(App\Controllers\Komik))
#7 C:\Users\User\Desktop\CI4Tutor\05_Model_Part2\system\CodeIgniter.php(326): CodeIgniter\CodeIgniter->handleRequest(NULL, Object(Config\Cache), false)
#8 C:\Users\User\Desktop\CI4Tutor\05_Model_Part2\public\index.php(37): CodeIgniter\CodeIgniter->run()
#9 C:\Users\User\Desktop\CI4Tutor\05_Model_Part2\system\Commands\Server\rewrite.php(43): require_once('C:\\Users\\User\\D...')
#10 {main}
CRITICAL - 2022-03-06 19:09:49 --> Too few arguments to function App\Models\KomikModel::getKomik(), 0 passed in C:\Users\User\Desktop\CI4Tutor\05_Model_Part2\app\Controllers\Komik.php on line 25 and exactly 1 expected
#0 C:\Users\User\Desktop\CI4Tutor\05_Model_Part2\app\Controllers\Komik.php(25): App\Models\KomikModel->getKomik()
#1 C:\Users\User\Desktop\CI4Tutor\05_Model_Part2\system\CodeIgniter.php(832): App\Controllers\Komik->index()
#2 C:\Users\User\Desktop\CI4Tutor\05_Model_Part2\system\CodeIgniter.php(419): CodeIgniter\CodeIgniter->runController(Object(App\Controllers\Komik))
#3 C:\Users\User\Desktop\CI4Tutor\05_Model_Part2\system\CodeIgniter.php(326): CodeIgniter\CodeIgniter->handleRequest(NULL, Object(Config\Cache), false)
#4 C:\Users\User\Desktop\CI4Tutor\05_Model_Part2\public\index.php(37): CodeIgniter\CodeIgniter->run()
#5 C:\Users\User\Desktop\CI4Tutor\05_Model_Part2\system\Commands\Server\rewrite.php(43): require_once('C:\\Users\\User\\D...')
#6 {main}
CRITICAL - 2022-03-06 19:10:13 --> Undefined variable $i
#0 C:\Users\User\Desktop\CI4Tutor\05_Model_Part2\app\Views\komik\index.php(22): CodeIgniter\Debug\Exceptions->errorHandler(2, 'Undefined varia...', 'C:\\Users\\User\\D...', 22)
#1 C:\Users\User\Desktop\CI4Tutor\05_Model_Part2\system\View\View.php(210): include('C:\\Users\\User\\D...')
#2 C:\Users\User\Desktop\CI4Tutor\05_Model_Part2\system\View\View.php(213): CodeIgniter\View\View->CodeIgniter\View\{closure}()
#3 C:\Users\User\Desktop\CI4Tutor\05_Model_Part2\system\Common.php(1089): CodeIgniter\View\View->render('komik/index', Array, true)
#4 C:\Users\User\Desktop\CI4Tutor\05_Model_Part2\app\Controllers\Komik.php(30): view('komik/index', Array)
#5 C:\Users\User\Desktop\CI4Tutor\05_Model_Part2\system\CodeIgniter.php(832): App\Controllers\Komik->index()
#6 C:\Users\User\Desktop\CI4Tutor\05_Model_Part2\system\CodeIgniter.php(419): CodeIgniter\CodeIgniter->runController(Object(App\Controllers\Komik))
#7 C:\Users\User\Desktop\CI4Tutor\05_Model_Part2\system\CodeIgniter.php(326): CodeIgniter\CodeIgniter->handleRequest(NULL, Object(Config\Cache), false)
#8 C:\Users\User\Desktop\CI4Tutor\05_Model_Part2\public\index.php(37): CodeIgniter\CodeIgniter->run()
#9 C:\Users\User\Desktop\CI4Tutor\05_Model_Part2\system\Commands\Server\rewrite.php(43): require_once('C:\\Users\\User\\D...')
#10 {main}
CRITICAL - 2022-03-06 19:10:52 --> Undefined variable $i
#0 C:\Users\User\Desktop\CI4Tutor\05_Model_Part2\app\Views\komik\index.php(22): CodeIgniter\Debug\Exceptions->errorHandler(2, 'Undefined varia...', 'C:\\Users\\User\\D...', 22)
#1 C:\Users\User\Desktop\CI4Tutor\05_Model_Part2\system\View\View.php(210): include('C:\\Users\\User\\D...')
#2 C:\Users\User\Desktop\CI4Tutor\05_Model_Part2\system\View\View.php(213): CodeIgniter\View\View->CodeIgniter\View\{closure}()
#3 C:\Users\User\Desktop\CI4Tutor\05_Model_Part2\system\Common.php(1089): CodeIgniter\View\View->render('komik/index', Array, true)
#4 C:\Users\User\Desktop\CI4Tutor\05_Model_Part2\app\Controllers\Komik.php(30): view('komik/index', Array)
#5 C:\Users\User\Desktop\CI4Tutor\05_Model_Part2\system\CodeIgniter.php(832): App\Controllers\Komik->index()
#6 C:\Users\User\Desktop\CI4Tutor\05_Model_Part2\system\CodeIgniter.php(419): CodeIgniter\CodeIgniter->runController(Object(App\Controllers\Komik))
#7 C:\Users\User\Desktop\CI4Tutor\05_Model_Part2\system\CodeIgniter.php(326): CodeIgniter\CodeIgniter->handleRequest(NULL, Object(Config\Cache), false)
#8 C:\Users\User\Desktop\CI4Tutor\05_Model_Part2\public\index.php(37): CodeIgniter\CodeIgniter->run()
#9 C:\Users\User\Desktop\CI4Tutor\05_Model_Part2\system\Commands\Server\rewrite.php(43): require_once('C:\\Users\\User\\D...')
#10 {main}
CRITICAL - 2022-03-06 19:10:54 --> Undefined variable $i
#0 C:\Users\User\Desktop\CI4Tutor\05_Model_Part2\app\Views\komik\index.php(22): CodeIgniter\Debug\Exceptions->errorHandler(2, 'Undefined varia...', 'C:\\Users\\User\\D...', 22)
#1 C:\Users\User\Desktop\CI4Tutor\05_Model_Part2\system\View\View.php(210): include('C:\\Users\\User\\D...')
#2 C:\Users\User\Desktop\CI4Tutor\05_Model_Part2\system\View\View.php(213): CodeIgniter\View\View->CodeIgniter\View\{closure}()
#3 C:\Users\User\Desktop\CI4Tutor\05_Model_Part2\system\Common.php(1089): CodeIgniter\View\View->render('komik/index', Array, true)
#4 C:\Users\User\Desktop\CI4Tutor\05_Model_Part2\app\Controllers\Komik.php(30): view('komik/index', Array)
#5 C:\Users\User\Desktop\CI4Tutor\05_Model_Part2\system\CodeIgniter.php(832): App\Controllers\Komik->index()
#6 C:\Users\User\Desktop\CI4Tutor\05_Model_Part2\system\CodeIgniter.php(419): CodeIgniter\CodeIgniter->runController(Object(App\Controllers\Komik))
#7 C:\Users\User\Desktop\CI4Tutor\05_Model_Part2\system\CodeIgniter.php(326): CodeIgniter\CodeIgniter->handleRequest(NULL, Object(Config\Cache), false)
#8 C:\Users\User\Desktop\CI4Tutor\05_Model_Part2\public\index.php(37): CodeIgniter\CodeIgniter->run()
#9 C:\Users\User\Desktop\CI4Tutor\05_Model_Part2\system\Commands\Server\rewrite.php(43): require_once('C:\\Users\\User\\D...')
#10 {main}
CRITICAL - 2022-03-06 19:11:42 --> Cannot access offset of type string on string
#0 C:\Users\User\Desktop\CI4Tutor\05_Model_Part2\system\View\View.php(210): include()
#1 C:\Users\User\Desktop\CI4Tutor\05_Model_Part2\system\View\View.php(213): CodeIgniter\View\View->CodeIgniter\View\{closure}()
#2 C:\Users\User\Desktop\CI4Tutor\05_Model_Part2\system\Common.php(1089): CodeIgniter\View\View->render('komik/index', Array, true)
#3 C:\Users\User\Desktop\CI4Tutor\05_Model_Part2\app\Controllers\Komik.php(30): view('komik/index', Array)
#4 C:\Users\User\Desktop\CI4Tutor\05_Model_Part2\system\CodeIgniter.php(832): App\Controllers\Komik->index()
#5 C:\Users\User\Desktop\CI4Tutor\05_Model_Part2\system\CodeIgniter.php(419): CodeIgniter\CodeIgniter->runController(Object(App\Controllers\Komik))
#6 C:\Users\User\Desktop\CI4Tutor\05_Model_Part2\system\CodeIgniter.php(326): CodeIgniter\CodeIgniter->handleRequest(NULL, Object(Config\Cache), false)
#7 C:\Users\User\Desktop\CI4Tutor\05_Model_Part2\public\index.php(37): CodeIgniter\CodeIgniter->run()
#8 C:\Users\User\Desktop\CI4Tutor\05_Model_Part2\system\Commands\Server\rewrite.php(43): require_once('C:\\Users\\User\\D...')
#9 {main}
CRITICAL - 2022-03-06 19:12:19 --> Cannot access offset of type string on string
#0 C:\Users\User\Desktop\CI4Tutor\05_Model_Part2\system\View\View.php(210): include()
#1 C:\Users\User\Desktop\CI4Tutor\05_Model_Part2\system\View\View.php(213): CodeIgniter\View\View->CodeIgniter\View\{closure}()
#2 C:\Users\User\Desktop\CI4Tutor\05_Model_Part2\system\Common.php(1089): CodeIgniter\View\View->render('komik/index', Array, true)
#3 C:\Users\User\Desktop\CI4Tutor\05_Model_Part2\app\Controllers\Komik.php(30): view('komik/index', Array)
#4 C:\Users\User\Desktop\CI4Tutor\05_Model_Part2\system\CodeIgniter.php(832): App\Controllers\Komik->index()
#5 C:\Users\User\Desktop\CI4Tutor\05_Model_Part2\system\CodeIgniter.php(419): CodeIgniter\CodeIgniter->runController(Object(App\Controllers\Komik))
#6 C:\Users\User\Desktop\CI4Tutor\05_Model_Part2\system\CodeIgniter.php(326): CodeIgniter\CodeIgniter->handleRequest(NULL, Object(Config\Cache), false)
#7 C:\Users\User\Desktop\CI4Tutor\05_Model_Part2\public\index.php(37): CodeIgniter\CodeIgniter->run()
#8 C:\Users\User\Desktop\CI4Tutor\05_Model_Part2\system\Commands\Server\rewrite.php(43): require_once('C:\\Users\\User\\D...')
#9 {main}
CRITICAL - 2022-03-06 19:12:21 --> Cannot access offset of type string on string
#0 C:\Users\User\Desktop\CI4Tutor\05_Model_Part2\system\View\View.php(210): include()
#1 C:\Users\User\Desktop\CI4Tutor\05_Model_Part2\system\View\View.php(213): CodeIgniter\View\View->CodeIgniter\View\{closure}()
#2 C:\Users\User\Desktop\CI4Tutor\05_Model_Part2\system\Common.php(1089): CodeIgniter\View\View->render('komik/index', Array, true)
#3 C:\Users\User\Desktop\CI4Tutor\05_Model_Part2\app\Controllers\Komik.php(30): view('komik/index', Array)
#4 C:\Users\User\Desktop\CI4Tutor\05_Model_Part2\system\CodeIgniter.php(832): App\Controllers\Komik->index()
#5 C:\Users\User\Desktop\CI4Tutor\05_Model_Part2\system\CodeIgniter.php(419): CodeIgniter\CodeIgniter->runController(Object(App\Controllers\Komik))
#6 C:\Users\User\Desktop\CI4Tutor\05_Model_Part2\system\CodeIgniter.php(326): CodeIgniter\CodeIgniter->handleRequest(NULL, Object(Config\Cache), false)
#7 C:\Users\User\Desktop\CI4Tutor\05_Model_Part2\public\index.php(37): CodeIgniter\CodeIgniter->run()
#8 C:\Users\User\Desktop\CI4Tutor\05_Model_Part2\system\Commands\Server\rewrite.php(43): require_once('C:\\Users\\User\\D...')
#9 {main}
CRITICAL - 2022-03-06 19:16:09 --> Cannot access offset of type string on string
#0 C:\Users\User\Desktop\CI4Tutor\05_Model_Part2\system\View\View.php(210): include()
#1 C:\Users\User\Desktop\CI4Tutor\05_Model_Part2\system\View\View.php(213): CodeIgniter\View\View->CodeIgniter\View\{closure}()
#2 C:\Users\User\Desktop\CI4Tutor\05_Model_Part2\system\Common.php(1089): CodeIgniter\View\View->render('komik/index', Array, true)
#3 C:\Users\User\Desktop\CI4Tutor\05_Model_Part2\app\Controllers\Komik.php(30): view('komik/index', Array)
#4 C:\Users\User\Desktop\CI4Tutor\05_Model_Part2\system\CodeIgniter.php(832): App\Controllers\Komik->index()
#5 C:\Users\User\Desktop\CI4Tutor\05_Model_Part2\system\CodeIgniter.php(419): CodeIgniter\CodeIgniter->runController(Object(App\Controllers\Komik))
#6 C:\Users\User\Desktop\CI4Tutor\05_Model_Part2\system\CodeIgniter.php(326): CodeIgniter\CodeIgniter->handleRequest(NULL, Object(Config\Cache), false)
#7 C:\Users\User\Desktop\CI4Tutor\05_Model_Part2\public\index.php(37): CodeIgniter\CodeIgniter->run()
#8 C:\Users\User\Desktop\CI4Tutor\05_Model_Part2\system\Commands\Server\rewrite.php(43): require_once('C:\\Users\\User\\D...')
#9 {main}
CRITICAL - 2022-03-06 19:23:11 --> Invalid file: komik/detai.php
#0 C:\Users\User\Desktop\CI4Tutor\05_Model_Part2\system\View\View.php(198): CodeIgniter\Exceptions\FrameworkException::forInvalidFile('komik/detai.php')
#1 C:\Users\User\Desktop\CI4Tutor\05_Model_Part2\system\Common.php(1089): CodeIgniter\View\View->render('komik/detai', Array, true)
#2 C:\Users\User\Desktop\CI4Tutor\05_Model_Part2\app\Controllers\Komik.php(39): view('komik/detai', Array)
#3 C:\Users\User\Desktop\CI4Tutor\05_Model_Part2\system\CodeIgniter.php(832): App\Controllers\Komik->detail('detail')
#4 C:\Users\User\Desktop\CI4Tutor\05_Model_Part2\system\CodeIgniter.php(419): CodeIgniter\CodeIgniter->runController(Object(App\Controllers\Komik))
#5 C:\Users\User\Desktop\CI4Tutor\05_Model_Part2\system\CodeIgniter.php(326): CodeIgniter\CodeIgniter->handleRequest(NULL, Object(Config\Cache), false)
#6 C:\Users\User\Desktop\CI4Tutor\05_Model_Part2\public\index.php(37): CodeIgniter\CodeIgniter->run()
#7 C:\Users\User\Desktop\CI4Tutor\05_Model_Part2\system\Commands\Server\rewrite.php(43): require_once('C:\\Users\\User\\D...')
#8 {main}
CRITICAL - 2022-03-06 19:23:19 --> Invalid file: komik/detai.php
#0 C:\Users\User\Desktop\CI4Tutor\05_Model_Part2\system\View\View.php(198): CodeIgniter\Exceptions\FrameworkException::forInvalidFile('komik/detai.php')
#1 C:\Users\User\Desktop\CI4Tutor\05_Model_Part2\system\Common.php(1089): CodeIgniter\View\View->render('komik/detai', Array, true)
#2 C:\Users\User\Desktop\CI4Tutor\05_Model_Part2\app\Controllers\Komik.php(39): view('komik/detai', Array)
#3 C:\Users\User\Desktop\CI4Tutor\05_Model_Part2\system\CodeIgniter.php(832): App\Controllers\Komik->detail('naruto')
#4 C:\Users\User\Desktop\CI4Tutor\05_Model_Part2\system\CodeIgniter.php(419): CodeIgniter\CodeIgniter->runController(Object(App\Controllers\Komik))
#5 C:\Users\User\Desktop\CI4Tutor\05_Model_Part2\system\CodeIgniter.php(326): CodeIgniter\CodeIgniter->handleRequest(NULL, Object(Config\Cache), false)
#6 C:\Users\User\Desktop\CI4Tutor\05_Model_Part2\public\index.php(37): CodeIgniter\CodeIgniter->run()
#7 C:\Users\User\Desktop\CI4Tutor\05_Model_Part2\system\Commands\Server\rewrite.php(43): require_once('C:\\Users\\User\\D...')
#8 {main}
CRITICAL - 2022-03-06 19:25:18 --> Trying to access array offset on value of type null
#0 C:\Users\User\Desktop\CI4Tutor\05_Model_Part2\app\Views\komik\detail.php(5): CodeIgniter\Debug\Exceptions->errorHandler(2, 'Trying to acces...', 'C:\\Users\\User\\D...', 5)
#1 C:\Users\User\Desktop\CI4Tutor\05_Model_Part2\system\View\View.php(210): include('C:\\Users\\User\\D...')
#2 C:\Users\User\Desktop\CI4Tutor\05_Model_Part2\system\View\View.php(213): CodeIgniter\View\View->CodeIgniter\View\{closure}()
#3 C:\Users\User\Desktop\CI4Tutor\05_Model_Part2\system\Common.php(1089): CodeIgniter\View\View->render('komik/detail', Array, true)
#4 C:\Users\User\Desktop\CI4Tutor\05_Model_Part2\app\Controllers\Komik.php(39): view('komik/detail', Array)
#5 C:\Users\User\Desktop\CI4Tutor\05_Model_Part2\system\CodeIgniter.php(832): App\Controllers\Komik->detail('naruto.jpg')
#6 C:\Users\User\Desktop\CI4Tutor\05_Model_Part2\system\CodeIgniter.php(419): CodeIgniter\CodeIgniter->runController(Object(App\Controllers\Komik))
#7 C:\Users\User\Desktop\CI4Tutor\05_Model_Part2\system\CodeIgniter.php(326): CodeIgniter\CodeIgniter->handleRequest(NULL, Object(Config\Cache), false)
#8 C:\Users\User\Desktop\CI4Tutor\05_Model_Part2\public\index.php(37): CodeIgniter\CodeIgniter->run()
#9 C:\Users\User\Desktop\CI4Tutor\05_Model_Part2\system\Commands\Server\rewrite.php(43): require_once('C:\\Users\\User\\D...')
#10 {main}
CRITICAL - 2022-03-06 19:25:20 --> Trying to access array offset on value of type null
#0 C:\Users\User\Desktop\CI4Tutor\05_Model_Part2\app\Views\komik\detail.php(5): CodeIgniter\Debug\Exceptions->errorHandler(2, 'Trying to acces...', 'C:\\Users\\User\\D...', 5)
#1 C:\Users\User\Desktop\CI4Tutor\05_Model_Part2\system\View\View.php(210): include('C:\\Users\\User\\D...')
#2 C:\Users\User\Desktop\CI4Tutor\05_Model_Part2\system\View\View.php(213): CodeIgniter\View\View->CodeIgniter\View\{closure}()
#3 C:\Users\User\Desktop\CI4Tutor\05_Model_Part2\system\Common.php(1089): CodeIgniter\View\View->render('komik/detail', Array, true)
#4 C:\Users\User\Desktop\CI4Tutor\05_Model_Part2\app\Controllers\Komik.php(39): view('komik/detail', Array)
#5 C:\Users\User\Desktop\CI4Tutor\05_Model_Part2\system\CodeIgniter.php(832): App\Controllers\Komik->detail('naruto.jpg')
#6 C:\Users\User\Desktop\CI4Tutor\05_Model_Part2\system\CodeIgniter.php(419): CodeIgniter\CodeIgniter->runController(Object(App\Controllers\Komik))
#7 C:\Users\User\Desktop\CI4Tutor\05_Model_Part2\system\CodeIgniter.php(326): CodeIgniter\CodeIgniter->handleRequest(NULL, Object(Config\Cache), false)
#8 C:\Users\User\Desktop\CI4Tutor\05_Model_Part2\public\index.php(37): CodeIgniter\CodeIgniter->run()
#9 C:\Users\User\Desktop\CI4Tutor\05_Model_Part2\system\Commands\Server\rewrite.php(43): require_once('C:\\Users\\User\\D...')
#10 {main}
